<?xml version="1.0" encoding="UTF-8"?>
<!-- Generated by org.testng.reporters.JUnitReportReporter -->
<testsuite hostname="Mohammeds-MacBook-Pro.local" name="com.Android.Alamqa.BaseAndroidTest" tests="1" failures="0" timestamp="16 Apr 2018 14:21:49 GMT" time="10.791" errors="0">
  <testcase name="testCalculator" time="10.791" classname="com.Android.Alamqa.BaseAndroidTest"/>
</testsuite> <!-- com.Android.Alamqa.BaseAndroidTest -->
