<?xml version="1.0" encoding="UTF-8"?>
<!-- Generated by org.testng.reporters.JUnitReportReporter -->
<testsuite hostname="Mohammeds-MacBook-Pro.local" name="com.Android.Alamqa.NewBaseTest" tests="1" failures="0" timestamp="15 Apr 2018 17:14:23 GMT" time="72.301" errors="0">
  <testcase name="simpleTestBaseClass" time="72.301" classname="com.Android.Alamqa.NewBaseTest"/>
</testsuite> <!-- com.Android.Alamqa.NewBaseTest -->
