<?xml version="1.0" encoding="UTF-8"?>
<!-- Generated by org.testng.reporters.JUnitReportReporter -->
<testsuite hostname="Mohammeds-MacBook-Pro.local" name="com.Android.Alamqa.SimulatorBaseClassTest" tests="1" failures="0" timestamp="16 Apr 2018 14:39:51 GMT" time="54.781" errors="0">
  <testcase name="baseCapabilitiy" time="54.781" classname="com.Android.Alamqa.SimulatorBaseClassTest"/>
</testsuite> <!-- com.Android.Alamqa.SimulatorBaseClassTest -->
