<?xml version="1.0" encoding="UTF-8"?>
<!-- Generated by org.testng.reporters.JUnitReportReporter -->
<testsuite hostname="Mohammeds-MacBook-Pro.local" name="com.Android.Alamqa.fjh" tests="1" failures="0" timestamp="16 Apr 2018 23:28:31 GMT" time="5.017" errors="0">
  <testcase name="startServer" time="5.017" classname="com.Android.Alamqa.fjh"/>
</testsuite> <!-- com.Android.Alamqa.fjh -->
