<?xml version="1.0" encoding="UTF-8"?>
<!-- Generated by org.testng.reporters.JUnitReportReporter -->
<testsuite hostname="Mohammeds-MacBook-Pro.local" name="com.Android.Alamqa.CoogleChack" tests="1" failures="0" timestamp="18 Apr 2018 15:37:00 GMT" time="11.300" errors="0">
  <testcase name="main" time="11.300" classname="com.Android.Alamqa.CoogleChack"/>
</testsuite> <!-- com.Android.Alamqa.CoogleChack -->
